<?xml version="1.0" encoding="UTF-8"?>
<testng-results ignored="0" total="1" passed="1" failed="0" skipped="0">
  <reporter-output>
  </reporter-output>
  <suite started-at="2023-11-07T23:18:57 IST" name="Default suite" finished-at="2023-11-07T23:19:38 IST" duration-ms="41663">
    <groups>
    </groups>
    <test started-at="2023-11-07T23:18:57 IST" name="Default test" finished-at="2023-11-07T23:19:38 IST" duration-ms="41663">
      <class name="test.demowebshop_test">
        <test-method is-config="true" signature="setUp()[pri:0, instance:test.demowebshop_test@235ecd9f]" started-at="2023-11-07T23:18:57 IST" name="setUp" finished-at="2023-11-07T23:19:10 IST" duration-ms="12938" status="PASS">
          <reporter-output>
          </reporter-output>
        </test-method> <!-- setUp -->
        <test-method signature="DemowebshopPageTest()[pri:0, instance:test.demowebshop_test@235ecd9f]" started-at="2023-11-07T23:19:10 IST" name="DemowebshopPageTest" finished-at="2023-11-07T23:19:38 IST" duration-ms="28171" status="PASS">
          <reporter-output>
          </reporter-output>
        </test-method> <!-- DemowebshopPageTest -->
        <test-method is-config="true" signature="tearDown()[pri:0, instance:test.demowebshop_test@235ecd9f]" started-at="2023-11-07T23:19:38 IST" name="tearDown" finished-at="2023-11-07T23:19:38 IST" duration-ms="453" status="PASS">
          <reporter-output>
          </reporter-output>
        </test-method> <!-- tearDown -->
      </class> <!-- test.demowebshop_test -->
    </test> <!-- Default test -->
  </suite> <!-- Default suite -->
</testng-results>
